<?xml version="1.0" encoding="utf-8"?><testsuites name="pytest tests"><testsuite name="pytest" errors="0" failures="0" skipped="0" tests="27" time="40.938" timestamp="2026-06-05T06:40:10.663575+00:00" hostname="agent-env-a611d75b-387f-45f8-ac5d-03baf13c8143"><testcase classname="backend.tests.test_ensemble_45models.TestEnsembleStatus" name="test_status_200" time="0.207" /><testcase classname="backend.tests.test_ensemble_45models.TestEnsembleStatus" name="test_status_key_configured" time="0.105" /><testcase classname="backend.tests.test_ensemble_45models.TestEnsembleStatus" name="test_status_total_models_45" time="0.100" /><testcase classname="backend.tests.test_ensemble_45models.TestEnsembleStatus" name="test_status_provider_mode_emergent" time="0.111" /><testcase classname="backend.tests.test_ensemble_45models.TestEnsembleStatus" name="test_status_3_default_models" time="0.138" /><testcase classname="backend.tests.test_ensemble_45models.TestEnsembleSignal" name="test_signal_with_context" time="9.359" /><testcase classname="backend.tests.test_ensemble_45models.TestEnsembleSignal" name="test_signal_verdict_fields" time="8.270" /><testcase classname="backend.tests.test_ensemble_45models.TestEnsembleSignal" name="test_signal_per_model_count" time="5.803" /><testcase classname="backend.tests.test_ensemble_45models.TestEnsembleSignal" name="test_signal_consensus_is_string" time="6.304" /><testcase classname="backend.tests.test_ensemble_45models.TestFullAnalysis" name="test_full_analysis_200" time="10.134" /><testcase classname="backend.tests.test_ensemble_45models.TestFullAnalysis" name="test_full_analysis_success_true" time="0.000" /><testcase classname="backend.tests.test_ensemble_45models.TestFullAnalysis" name="test_full_analysis_total_45" time="0.000" /><testcase classname="backend.tests.test_ensemble_45models.TestFullAnalysis" name="test_full_analysis_models_list_45" time="0.000" /><testcase classname="backend.tests.test_ensemble_45models.TestFullAnalysis" name="test_full_analysis_models_have_num" time="0.000" /><testcase classname="backend.tests.test_ensemble_45models.TestFullAnalysis" name="test_full_analysis_models_have_signal" time="0.000" /><testcase classname="backend.tests.test_ensemble_45models.TestFullAnalysis" name="test_full_analysis_ok_models_count" time="0.000" /><testcase classname="backend.tests.test_ensemble_45models.TestFullAnalysis" name="test_full_analysis_ok_models_have_confidence" time="0.000" /><testcase classname="backend.tests.test_ensemble_45models.TestFullAnalysis" name="test_full_analysis_ok_models_have_stop_loss" time="0.000" /><testcase classname="backend.tests.test_ensemble_45models.TestFullAnalysis" name="test_full_analysis_ok_models_have_target1" time="0.000" /><testcase classname="backend.tests.test_ensemble_45models.TestFullAnalysis" name="test_full_analysis_consensus_field" time="0.000" /><testcase classname="backend.tests.test_ensemble_45models.TestFullAnalysis" name="test_full_analysis_vote_counts" time="0.000" /><testcase classname="backend.tests.test_ensemble_45models.TestFullAnalysis" name="test_full_analysis_avg_confidence" time="0.000" /><testcase classname="backend.tests.test_ensemble_45models.TestFullAnalysis" name="test_full_analysis_budget_warning_field_present" time="0.000" /><testcase classname="backend.tests.test_ensemble_45models.TestFullAnalysis" name="test_full_analysis_model_families_distributed" time="0.000" /><testcase classname="backend.tests.test_ensemble_45models.TestFullAnalysisModelsList" name="test_models_list_200" time="0.148" /><testcase classname="backend.tests.test_ensemble_45models.TestFullAnalysisModelsList" name="test_models_list_count_45" time="0.109" /><testcase classname="backend.tests.test_ensemble_45models.TestFullAnalysisModelsList" name="test_models_list_fields" time="0.099" /></testsuite></testsuites>