<?xml version="1.0" encoding="utf-8"?><testsuites name="pytest tests"><testsuite name="pytest" errors="0" failures="0" skipped="0" tests="29" time="9.811" timestamp="2026-06-11T09:16:04.455525+00:00" hostname="agent-env-4f187bbe-6158-440e-ac6d-67783a8991a3"><testcase classname="backend.tests.test_hybrid_brain.TestHybridBrainState" name="test_state_returns_200" time="1.045" /><testcase classname="backend.tests.test_hybrid_brain.TestHybridBrainState" name="test_state_has_fear_level" time="0.140" /><testcase classname="backend.tests.test_hybrid_brain.TestHybridBrainState" name="test_state_has_daily_target_pct" time="0.137" /><testcase classname="backend.tests.test_hybrid_brain.TestHybridBrainState" name="test_state_has_consecutive_fail" time="0.146" /><testcase classname="backend.tests.test_hybrid_brain.TestHybridBrainState" name="test_state_has_current_pnl_pct" time="0.113" /><testcase classname="backend.tests.test_hybrid_brain.TestHybridBrainState" name="test_state_has_last_pnl_pct_and_grace_days" time="0.102" /><testcase classname="backend.tests.test_hybrid_brain.TestHybridBrainDecide" name="test_decide_returns_200" time="0.738" /><testcase classname="backend.tests.test_hybrid_brain.TestHybridBrainDecide" name="test_decide_returns_action" time="0.543" /><testcase classname="backend.tests.test_hybrid_brain.TestHybridBrainDecide" name="test_decide_returns_confidence" time="0.553" /><testcase classname="backend.tests.test_hybrid_brain.TestHybridBrainDecide" name="test_decide_returns_psych" time="0.453" /><testcase classname="backend.tests.test_hybrid_brain.TestHybridBrainDecide" name="test_decide_returns_components" time="0.342" /><testcase classname="backend.tests.test_hybrid_brain.TestHybridBrainDecide" name="test_decide_returns_survival" time="0.653" /><testcase classname="backend.tests.test_hybrid_brain.TestHybridBrainDecide" name="test_decide_returns_reasoning" time="0.355" /><testcase classname="backend.tests.test_hybrid_brain.TestHybridBrainDecide" name="test_decide_with_market_data" time="0.144" /><testcase classname="backend.tests.test_hybrid_brain.TestHybridBrainDecide" name="test_decide_caching_returns_cached_flag" time="1.718" /><testcase classname="backend.tests.test_hybrid_brain.TestHybridBrainAudit" name="test_audit_returns_200" time="0.114" /><testcase classname="backend.tests.test_hybrid_brain.TestHybridBrainAudit" name="test_audit_has_decisions_array" time="0.108" /><testcase classname="backend.tests.test_hybrid_brain.TestHybridBrainAudit" name="test_audit_has_count_field" time="0.107" /><testcase classname="backend.tests.test_hybrid_brain.TestHybridBrainAudit" name="test_audit_limit_param" time="0.104" /><testcase classname="backend.tests.test_hybrid_brain.TestHybridBrainAudit" name="test_audit_decision_fields_after_decide" time="0.654" /><testcase classname="backend.tests.test_hybrid_brain.TestRoboAuditWithBrain" name="test_robo_audit_returns_200" time="0.108" /><testcase classname="backend.tests.test_hybrid_brain.TestRoboAuditWithBrain" name="test_robo_audit_has_trades" time="0.118" /><testcase classname="backend.tests.test_hybrid_brain.TestRoboAuditWithBrain" name="test_robo_audit_has_brain_decisions" time="0.118" /><testcase classname="backend.tests.test_hybrid_brain.TestRoboAuditWithBrain" name="test_robo_audit_has_brain_count" time="0.103" /><testcase classname="backend.tests.test_hybrid_brain.TestRoboAuditWithBrain" name="test_robo_audit_brain_decisions_have_entry_type" time="0.615" /><testcase classname="backend.tests.test_hybrid_brain.TestRoboAuditWithBrain" name="test_robo_audit_without_brain_flag" time="0.107" /><testcase classname="backend.tests.test_hybrid_brain.TestHybridBrainResetDaily" name="test_reset_daily_returns_200" time="0.099" /><testcase classname="backend.tests.test_hybrid_brain.TestHybridBrainResetDaily" name="test_reset_daily_returns_state" time="0.104" /><testcase classname="backend.tests.test_hybrid_brain.TestHybridBrainResetDaily" name="test_reset_daily_sets_pnl_to_zero" time="0.103" /></testsuite></testsuites>