<?xml version="1.0" encoding="utf-8"?><testsuites name="pytest tests"><testsuite name="pytest" errors="0" failures="0" skipped="0" tests="9" time="5.786" timestamp="2026-06-09T09:34:43.557426+00:00" hostname="agent-env-21945f65-5b46-458e-9eba-eebc340784a4"><testcase classname="backend.tests.test_robo_discover_vertical_tabs.TestRoboCoreEndpoints" name="test_get_settings" time="3.039" /><testcase classname="backend.tests.test_robo_discover_vertical_tabs.TestRoboCoreEndpoints" name="test_get_status" time="0.061" /><testcase classname="backend.tests.test_robo_discover_vertical_tabs.TestRoboCoreEndpoints" name="test_get_watchlist" time="0.064" /><testcase classname="backend.tests.test_robo_discover_vertical_tabs.TestWatchlistPersistence" name="test_post_watchlist" time="0.198" /><testcase classname="backend.tests.test_robo_discover_vertical_tabs.TestWatchlistPersistence" name="test_get_after_post" time="0.053" /><testcase classname="backend.tests.test_robo_discover_vertical_tabs.TestAutoDiscover" name="test_discover_basic_structure" time="1.070" /><testcase classname="backend.tests.test_robo_discover_vertical_tabs.TestAutoDiscover" name="test_discover_candidate_fields" time="0.046" /><testcase classname="backend.tests.test_robo_discover_vertical_tabs.TestAutoDiscover" name="test_discover_refresh_bypasses_cache" time="0.575" /><testcase classname="backend.tests.test_robo_discover_vertical_tabs.TestAutoDiscover" name="test_discover_second_call_uses_cache" time="0.644" /></testsuite></testsuites>