<?xml version="1.0" encoding="utf-8"?><testsuites name="pytest tests"><testsuite name="pytest" errors="0" failures="0" skipped="0" tests="34" time="6.363" timestamp="2026-06-09T07:03:27.627501+00:00" hostname="agent-env-5f31adb8-efb5-4264-963f-6718af6fdbf5"><testcase classname="backend.tests.test_robot3_watchlist.TestGetWatchlist" name="test_watchlist_returns_200" time="0.183" /><testcase classname="backend.tests.test_robot3_watchlist.TestGetWatchlist" name="test_watchlist_response_has_success_true" time="0.047" /><testcase classname="backend.tests.test_robot3_watchlist.TestGetWatchlist" name="test_watchlist_contains_watchlist_array" time="0.047" /><testcase classname="backend.tests.test_robot3_watchlist.TestGetWatchlist" name="test_watchlist_contains_max_parallel_trades" time="0.049" /><testcase classname="backend.tests.test_robot3_watchlist.TestGetWatchlist" name="test_watchlist_max_parallel_trades_in_range" time="0.050" /><testcase classname="backend.tests.test_robot3_watchlist.TestGetWatchlist" name="test_watchlist_contains_primary_ticker" time="0.048" /><testcase classname="backend.tests.test_robot3_watchlist.TestPostWatchlist" name="test_post_watchlist_3_tickers_returns_200" time="0.249" /><testcase classname="backend.tests.test_robot3_watchlist.TestPostWatchlist" name="test_post_watchlist_updates_tickers" time="0.152" /><testcase classname="backend.tests.test_robot3_watchlist.TestPostWatchlist" name="test_post_watchlist_auto_appends_ns_suffix" time="0.133" /><testcase classname="backend.tests.test_robot3_watchlist.TestPostWatchlist" name="test_post_watchlist_max_parallel_3" time="0.138" /><testcase classname="backend.tests.test_robot3_watchlist.TestPostWatchlist" name="test_post_watchlist_max_parallel_4" time="0.204" /><testcase classname="backend.tests.test_robot3_watchlist.TestPostWatchlist" name="test_post_watchlist_max_parallel_5" time="0.173" /><testcase classname="backend.tests.test_robot3_watchlist.TestPostWatchlist" name="test_post_watchlist_max_parallel_1" time="0.133" /><testcase classname="backend.tests.test_robot3_watchlist.TestPostWatchlist" name="test_post_watchlist_max_parallel_over_5_rejected" time="0.049" /><testcase classname="backend.tests.test_robot3_watchlist.TestPostWatchlist" name="test_post_watchlist_get_reflects_update" time="0.207" /><testcase classname="backend.tests.test_robot3_watchlist.TestPostWatchlist" name="test_post_watchlist_message_field" time="0.123" /><testcase classname="backend.tests.test_robot3_watchlist.TestGetSettings" name="test_settings_returns_200" time="0.049" /><testcase classname="backend.tests.test_robot3_watchlist.TestGetSettings" name="test_settings_has_preferences_key" time="0.048" /><testcase classname="backend.tests.test_robot3_watchlist.TestGetSettings" name="test_settings_preferences_has_watchlist" time="0.051" /><testcase classname="backend.tests.test_robot3_watchlist.TestGetSettings" name="test_settings_preferences_has_max_parallel_trades" time="0.054" /><testcase classname="backend.tests.test_robot3_watchlist.TestGetSettings" name="test_settings_watchlist_reflects_post_watchlist" time="0.211" /><testcase classname="backend.tests.test_robot3_watchlist.TestGetSettings" name="test_settings_max_parallel_reflects_post_watchlist" time="0.259" /><testcase classname="backend.tests.test_robot3_watchlist.TestGetSettings" name="test_settings_has_risk_profile" time="0.048" /><testcase classname="backend.tests.test_robot3_watchlist.TestGetSettings" name="test_settings_has_capital_state_vector" time="0.047" /><testcase classname="backend.tests.test_robot3_watchlist.TestPostSettings" name="test_post_settings_returns_200" time="0.134" /><testcase classname="backend.tests.test_robot3_watchlist.TestPostSettings" name="test_post_settings_with_watchlist_returns_200" time="0.214" /><testcase classname="backend.tests.test_robot3_watchlist.TestPostSettings" name="test_post_settings_watchlist_persisted_in_preferences" time="0.152" /><testcase classname="backend.tests.test_robot3_watchlist.TestPostSettings" name="test_post_settings_max_parallel_persisted" time="0.140" /><testcase classname="backend.tests.test_robot3_watchlist.TestPostSettings" name="test_post_settings_has_success_true" time="0.174" /><testcase classname="backend.tests.test_robot3_watchlist.TestExecutionEngineMaxPositions" name="test_set_max_parallel_4_accepted" time="0.141" /><testcase classname="backend.tests.test_robot3_watchlist.TestExecutionEngineMaxPositions" name="test_loop_status_has_exec_stats" time="0.047" /><testcase classname="backend.tests.test_robot3_watchlist.TestExecutionEngineMaxPositions" name="test_positions_endpoint_after_max_4_config" time="0.205" /><testcase classname="backend.tests.test_robot3_watchlist.TestExecutionEngineMaxPositions" name="test_settings_max_parallel_is_synced_after_watchlist_update" time="0.208" /><testcase classname="backend.tests.test_robot3_watchlist.TestExecutionEngineMaxPositions" name="test_reset_max_parallel_to_3" time="2.163" /></testsuite></testsuites>