<?xml version="1.0" encoding="utf-8"?><testsuites name="pytest tests"><testsuite name="pytest" errors="0" failures="0" skipped="0" tests="26" time="4.195" timestamp="2026-06-08T18:09:00.155727+00:00" hostname="agent-env-96c100b5-1544-4047-8548-7a173f1d7683"><testcase classname="backend.tests.test_advanced_trading.TestCircuitBreaker" name="test_circuit_status_200" time="0.334" /><testcase classname="backend.tests.test_advanced_trading.TestCircuitBreaker" name="test_circuit_status_fields" time="0.187" /><testcase classname="backend.tests.test_advanced_trading.TestCircuitBreaker" name="test_circuit_status_normal_on_fresh_state" time="0.202" /><testcase classname="backend.tests.test_advanced_trading.TestCircuitBreaker" name="test_kill_switch_activate" time="0.181" /><testcase classname="backend.tests.test_advanced_trading.TestCircuitBreaker" name="test_kill_switch_deactivate" time="0.141" /><testcase classname="backend.tests.test_advanced_trading.TestCircuitBreaker" name="test_reset_circuit" time="0.128" /><testcase classname="backend.tests.test_advanced_trading.TestCircuitBreaker" name="test_trading_allowed_after_kill_deactivate" time="0.250" /><testcase classname="backend.tests.test_advanced_trading.TestObservability" name="test_record_trade_200" time="0.155" /><testcase classname="backend.tests.test_advanced_trading.TestObservability" name="test_metrics_returns_200" time="0.115" /><testcase classname="backend.tests.test_advanced_trading.TestObservability" name="test_metrics_total_trades_gte_1" time="0.173" /><testcase classname="backend.tests.test_advanced_trading.TestObservability" name="test_metrics_has_required_fields" time="0.107" /><testcase classname="backend.tests.test_advanced_trading.TestObservability" name="test_alerts_returns_200" time="0.168" /><testcase classname="backend.tests.test_advanced_trading.TestObservability" name="test_prometheus_returns_text" time="0.154" /><testcase classname="backend.tests.test_advanced_trading.TestObservability" name="test_prometheus_format" time="0.113" /><testcase classname="backend.tests.test_advanced_trading.TestSentiment" name="test_fear_greed_200" time="0.121" /><testcase classname="backend.tests.test_advanced_trading.TestSentiment" name="test_fear_greed_score_and_label" time="0.132" /><testcase classname="backend.tests.test_advanced_trading.TestSentiment" name="test_fear_greed_components" time="0.121" /><testcase classname="backend.tests.test_advanced_trading.TestSentiment" name="test_news_sentiment_200" time="0.329" /><testcase classname="backend.tests.test_advanced_trading.TestPortfolio" name="test_hedge_suggest_200" time="0.116" /><testcase classname="backend.tests.test_advanced_trading.TestPortfolio" name="test_hedge_suggest_strategies" time="0.136" /><testcase classname="backend.tests.test_advanced_trading.TestPortfolio" name="test_smart_route_200" time="0.117" /><testcase classname="backend.tests.test_advanced_trading.TestPortfolio" name="test_smart_route_twap_strategy" time="0.129" /><testcase classname="backend.tests.test_advanced_trading.TestDreamerV3" name="test_per_stats_200" time="0.113" /><testcase classname="backend.tests.test_advanced_trading.TestDreamerV3" name="test_per_stats_has_enabled" time="0.137" /><testcase classname="backend.tests.test_advanced_trading.TestDreamerV3" name="test_risk_reward_200" time="0.135" /><testcase classname="backend.tests.test_advanced_trading.TestDreamerV3" name="test_risk_reward_has_enabled" time="0.133" /></testsuite></testsuites>