<?xml version="1.0" encoding="utf-8"?><testsuites name="pytest tests"><testsuite name="pytest" errors="0" failures="0" skipped="0" tests="15" time="4.266" timestamp="2026-06-11T09:25:51.125043+00:00" hostname="agent-env-4f187bbe-6158-440e-ac6d-67783a8991a3"><testcase classname="backend.tests.test_live_pnl_watchlist.TestOpenPositionsEndpoint" name="test_positions_returns_200" time="1.031" /><testcase classname="backend.tests.test_live_pnl_watchlist.TestOpenPositionsEndpoint" name="test_positions_success_flag" time="0.124" /><testcase classname="backend.tests.test_live_pnl_watchlist.TestOpenPositionsEndpoint" name="test_positions_response_has_required_keys" time="0.111" /><testcase classname="backend.tests.test_live_pnl_watchlist.TestOpenPositionsEndpoint" name="test_open_positions_is_list" time="0.110" /><testcase classname="backend.tests.test_live_pnl_watchlist.TestOpenPositionsEndpoint" name="test_open_positions_pnl_fields_if_any" time="0.109" /><testcase classname="backend.tests.test_live_pnl_watchlist.TestOpenPositionsEndpoint" name="test_pnl_calculation_correctness" time="0.122" /><testcase classname="backend.tests.test_live_pnl_watchlist.TestOpenPositionsEndpoint" name="test_current_price_is_positive_number" time="0.106" /><testcase classname="backend.tests.test_live_pnl_watchlist.TestOpenPositionsEndpoint" name="test_pnl_pct_is_percentage" time="0.113" /><testcase classname="backend.tests.test_live_pnl_watchlist.TestWatchlistPersistence" name="test_get_watchlist_returns_200" time="0.143" /><testcase classname="backend.tests.test_live_pnl_watchlist.TestWatchlistPersistence" name="test_watchlist_response_structure" time="0.143" /><testcase classname="backend.tests.test_live_pnl_watchlist.TestWatchlistPersistence" name="test_add_ticker_persists_to_backend" time="0.384" /><testcase classname="backend.tests.test_live_pnl_watchlist.TestWatchlistPersistence" name="test_remove_ticker_persists_to_backend" time="0.619" /><testcase classname="backend.tests.test_live_pnl_watchlist.TestWatchlistPersistence" name="test_watchlist_post_returns_correct_count" time="0.337" /><testcase classname="backend.tests.test_live_pnl_watchlist.TestWatchlistPersistence" name="test_watchlist_normalises_tickers" time="0.241" /><testcase classname="backend.tests.test_live_pnl_watchlist.TestWatchlistPersistence" name="test_watchlist_removal_does_not_come_back_after_refresh" time="0.528" /></testsuite></testsuites>